2014/04/09 14:25:17 [error] [exception.CException] exception 'CException' with message 'Property "CWebApplication.themes" is not defined.' in D:\wamp\www\yii\framework\base\CComponent.php:130
Stack trace:
#0 D:\wamp\www\yii\framework\base\CModule.php(105): CComponent->__get('themes')
#1 D:\wamp\www\YiiFm\themes\classic\views\layouts\main.php(9): CModule->__get('themes')
#2 D:\wamp\www\yii\framework\web\CBaseController.php(126): require('D:\wamp\www\Yii...')
#3 D:\wamp\www\yii\framework\web\CBaseController.php(95): CBaseController->renderInternal('D:\wamp\www\Yii...', Array, true)
#4 D:\wamp\www\yii\framework\web\widgets\CContentDecorator.php(76): CBaseController->renderFile('D:\wamp\www\Yii...', Array, true)
#5 D:\wamp\www\yii\framework\web\widgets\CContentDecorator.php(54): CContentDecorator->decorate('<div id="conten...')
#6 D:\wamp\www\yii\framework\web\widgets\COutputProcessor.php(44): CContentDecorator->processOutput('<div id="conten...')
#7 D:\wamp\www\yii\framework\web\CBaseController.php(206): COutputProcessor->run()
#8 D:\wamp\www\yii\framework\web\CBaseController.php(300): CBaseController->endWidget('CContentDecorat...')
#9 D:\wamp\www\YiiFm\themes\classic\views\layouts\column1.php(6): CBaseController->endContent()
#10 D:\wamp\www\yii\framework\web\CBaseController.php(126): require('D:\wamp\www\Yii...')
#11 D:\wamp\www\yii\framework\web\CBaseController.php(95): CBaseController->renderInternal('D:\wamp\www\Yii...', Array, true)
#12 D:\wamp\www\yii\framework\web\CController.php(784): CBaseController->renderFile('D:\wamp\www\Yii...', Array, true)
#13 D:\wamp\www\YiiFm\protected\controllers\SiteController.php(32): CController->render('index')
#14 D:\wamp\www\yii\framework\web\actions\CInlineAction.php(49): SiteController->actionIndex()
#15 D:\wamp\www\yii\framework\web\CController.php(308): CInlineAction->runWithParams(Array)
#16 D:\wamp\www\yii\framework\web\CController.php(286): CController->runAction(Object(CInlineAction))
#17 D:\wamp\www\yii\framework\web\CController.php(265): CController->runActionWithFilters(Object(CInlineAction), Array)
#18 D:\wamp\www\yii\framework\web\CWebApplication.php(282): CController->run('')
#19 D:\wamp\www\yii\framework\web\CWebApplication.php(141): CWebApplication->runController('')
#20 D:\wamp\www\yii\framework\base\CApplication.php(169): CWebApplication->processRequest()
#21 D:\wamp\www\YiiFm\index.php(13): CApplication->run()
#22 {main}
REQUEST_URI=/YiiFm/
HTTP_REFERER=http://localhost/
---
2014/04/09 14:25:37 [error] [php] Object of class CTheme could not be converted to string (D:\wamp\www\YiiFm\themes\classic\views\layouts\main.php:9)
Stack trace:
#0 D:\wamp\www\yii\framework\web\widgets\CContentDecorator.php(76): SiteController->renderFile()
#1 D:\wamp\www\yii\framework\web\widgets\CContentDecorator.php(54): CContentDecorator->decorate()
#2 D:\wamp\www\yii\framework\web\widgets\COutputProcessor.php(44): CContentDecorator->processOutput()
#3 D:\wamp\www\yii\framework\web\CBaseController.php(206): CContentDecorator->run()
#4 D:\wamp\www\yii\framework\web\CBaseController.php(300): SiteController->endWidget()
#5 D:\wamp\www\YiiFm\themes\classic\views\layouts\column1.php(6): SiteController->endContent()
#6 D:\wamp\www\yii\framework\web\CBaseController.php(126): require()
#7 D:\wamp\www\yii\framework\web\CBaseController.php(95): SiteController->renderInternal()
#8 D:\wamp\www\yii\framework\web\CController.php(784): SiteController->renderFile()
#9 D:\wamp\www\YiiFm\protected\controllers\SiteController.php(32): SiteController->render()
#10 D:\wamp\www\yii\framework\web\actions\CInlineAction.php(49): SiteController->actionIndex()
#11 D:\wamp\www\yii\framework\web\CController.php(308): CInlineAction->runWithParams()
#12 D:\wamp\www\yii\framework\web\CController.php(286): SiteController->runAction()
#13 D:\wamp\www\yii\framework\web\CController.php(265): SiteController->runActionWithFilters()
#14 D:\wamp\www\yii\framework\web\CWebApplication.php(282): SiteController->run()
#15 D:\wamp\www\yii\framework\web\CWebApplication.php(141): CWebApplication->runController()
#16 D:\wamp\www\yii\framework\base\CApplication.php(169): CWebApplication->processRequest()
#17 D:\wamp\www\YiiFm\index.php(13): CWebApplication->run()
REQUEST_URI=/YiiFm/
in D:\wamp\www\YiiFm\themes\classic\views\layouts\main.php (9)
in D:\wamp\www\YiiFm\themes\classic\views\layouts\column1.php (6)
in D:\wamp\www\YiiFm\protected\controllers\SiteController.php (32)
